<?xml version="1.0" encoding="UTF-8"?>
<!-- Generated by org.testng.reporters.JUnitReportReporter -->
<testsuite hostname="DESKTOP-I6J9FLR" failures="0" tests="1" name="com.sevenrmartsupermarket.base.SubCategoryTest" time="10.459" errors="0" timestamp="2024-09-25T23:37:18 IST" skipped="0">
  <testcase classname="com.sevenrmartsupermarket.base.SubCategoryTest" name="enterSubCategoryInfo" time="10.459"/>
</testsuite> <!-- com.sevenrmartsupermarket.base.SubCategoryTest -->
