<?xml version="1.0" encoding="UTF-8"?>
<!-- Generated by org.testng.reporters.JUnitReportReporter -->
<testsuite hostname="DESKTOP-I6J9FLR" failures="0" tests="4" name="com.sevenrmartsupermarket.tests.LoginTest" time="18.557" errors="0" timestamp="2024-09-30T18:59:04 IST" skipped="0">
  <testcase classname="com.sevenrmartsupermarket.tests.LoginTest" name="verifyLoginData" time="4.278"/>
  <testcase classname="com.sevenrmartsupermarket.tests.LoginTest" name="verifyLoginData" time="4.368"/>
  <testcase classname="com.sevenrmartsupermarket.tests.LoginTest" name="verifyLoginData" time="4.054"/>
  <testcase classname="com.sevenrmartsupermarket.tests.LoginTest" name="verifyLoginData" time="5.857"/>
</testsuite> <!-- com.sevenrmartsupermarket.tests.LoginTest -->
