<?xml version="1.0" encoding="UTF-8"?>
<!-- Generated by org.testng.reporters.JUnitReportReporter -->
<testsuite hostname="DESKTOP-I6J9FLR" failures="0" tests="1" name="com.sevenrmartsupermarket.base.LoginTest" time="6.335" errors="0" timestamp="2024-09-25T22:48:50 IST" skipped="0">
  <testcase classname="com.sevenrmartsupermarket.base.LoginTest" name="rememberMeCheck" time="6.335"/>
</testsuite> <!-- com.sevenrmartsupermarket.base.LoginTest -->
