<?xml version="1.0" encoding="UTF-8"?>
<!-- Generated by org.testng.reporters.JUnitReportReporter -->
<testsuite hostname="DESKTOP-I6J9FLR" failures="0" tests="1" name="com.sevenrmartsupermarket.tests.SubCategoryTest" time="8.365" errors="0" timestamp="2024-09-30T21:32:47 IST" skipped="0">
  <testcase classname="com.sevenrmartsupermarket.tests.SubCategoryTest" name="verifyNewSubCategory" time="8.365"/>
</testsuite> <!-- com.sevenrmartsupermarket.tests.SubCategoryTest -->
