<?xml version="1.0" encoding="UTF-8"?>
<!-- Generated by org.testng.reporters.JUnitReportReporter -->
<testsuite hostname="DESKTOP-I6J9FLR" failures="0" tests="4" name="com.sevenrmartsupermarket.base.LoginTest" time="28.173" errors="0" timestamp="2024-09-25T07:50:32 IST" skipped="0">
  <testcase classname="com.sevenrmartsupermarket.base.LoginTest" name="verifyLoginDataProvider" time="5.249"/>
  <testcase classname="com.sevenrmartsupermarket.base.LoginTest" name="verifyLoginDataProvider" time="9.767"/>
  <testcase classname="com.sevenrmartsupermarket.base.LoginTest" name="verifyLoginDataProvider" time="7.123"/>
  <testcase classname="com.sevenrmartsupermarket.base.LoginTest" name="verifyLoginDataProvider" time="6.034"/>
</testsuite> <!-- com.sevenrmartsupermarket.base.LoginTest -->
