<?xml version="1.0" encoding="UTF-8"?>
<!-- Generated by org.testng.reporters.JUnitReportReporter -->
<testsuite hostname="DESKTOP-I6J9FLR" failures="0" tests="1" name="com.sevenrmartsupermarket.base.HomeTest" time="6.147" errors="0" timestamp="2024-09-25T22:18:59 IST" skipped="0">
  <testcase classname="com.sevenrmartsupermarket.base.HomeTest" name="dashboardName" time="6.147"/>
</testsuite> <!-- com.sevenrmartsupermarket.base.HomeTest -->
