<?xml version="1.0" encoding="UTF-8"?>
<!-- Generated by org.testng.reporters.JUnitReportReporter -->
<testsuite hostname="DESKTOP-I6J9FLR" failures="0" tests="1" name="com.sevenrmartsupermarket.tests.HomeTest" time="7.253" errors="0" timestamp="2024-09-30T17:59:02 IST" skipped="0">
  <testcase classname="com.sevenrmartsupermarket.tests.HomeTest" name="dashBoardProfileName" time="7.253"/>
</testsuite> <!-- com.sevenrmartsupermarket.tests.HomeTest -->
