<?xml version="1.0" encoding="UTF-8"?>
<!-- Generated by org.testng.reporters.JUnitReportReporter -->
<testsuite hostname="DESKTOP-I6J9FLR" failures="0" tests="1" name="com.sevenrmartsupermarket.tests.SubCategoryTest" time="16.636" errors="0" timestamp="2024-10-02T15:27:02 IST" skipped="0">
  <testcase classname="com.sevenrmartsupermarket.tests.SubCategoryTest" name="verfySubCategoryEntry" time="16.636"/>
</testsuite> <!-- com.sevenrmartsupermarket.tests.SubCategoryTest -->
